<?xml version="1.0" encoding="UTF-8"?>
<!-- Generated by org.testng.reporters.JUnitReportReporter -->
<testsuite hostname="IQZNGLLT008" failures="0" tests="2" name="demo_1.Multiple_Browsers" time="24.672" errors="0" timestamp="2021-11-23T14:38:09 IST" skipped="0">
  <testcase classname="demo_1.Multiple_Browsers" name="Googletest" time="12.405"/>
  <system-out/>
  <testcase classname="demo_1.Multiple_Browsers" name="Googletest" time="12.267"/>
  <system-out/>
</testsuite> <!-- demo_1.Multiple_Browsers -->
