<?xml version="1.0" encoding="UTF-8"?>
<!-- Generated by org.testng.reporters.JUnitReportReporter -->
<testsuite hostname="IQZNGLLT008" failures="0" tests="15" name="demo_1.pega_login_thrice" time="174.486" errors="0" timestamp="2021-11-23T22:40:15 IST" skipped="0">
  <testcase classname="demo_1.pega_login_thrice" name="clicklogin" time="28.971"/>
  <system-out/>
  <testcase classname="demo_1.pega_login_thrice" name="launch_app" time="12.720"/>
  <system-out/>
  <testcase classname="demo_1.pega_login_thrice" name="clicklogin" time="22.460"/>
  <system-out/>
  <testcase classname="demo_1.pega_login_thrice" name="enter_pswd" time="5.071"/>
  <system-out/>
  <testcase classname="demo_1.pega_login_thrice" name="get_title" time="5.017"/>
  <system-out/>
  <testcase classname="demo_1.pega_login_thrice" name="enter_user" time="5.090"/>
  <system-out/>
  <testcase classname="demo_1.pega_login_thrice" name="enter_user" time="5.065"/>
  <system-out/>
  <testcase classname="demo_1.pega_login_thrice" name="enter_pswd" time="5.075"/>
  <system-out/>
  <testcase classname="demo_1.pega_login_thrice" name="get_title" time="5.027"/>
  <system-out/>
  <testcase classname="demo_1.pega_login_thrice" name="get_title" time="5.014"/>
  <system-out/>
  <testcase classname="demo_1.pega_login_thrice" name="launch_app" time="12.994"/>
  <system-out/>
  <testcase classname="demo_1.pega_login_thrice" name="enter_pswd" time="5.095"/>
  <system-out/>
  <testcase classname="demo_1.pega_login_thrice" name="enter_user" time="5.071"/>
  <system-out/>
  <testcase classname="demo_1.pega_login_thrice" name="clicklogin" time="39.484"/>
  <system-out/>
  <testcase classname="demo_1.pega_login_thrice" name="launch_app" time="12.332"/>
  <system-out/>
</testsuite> <!-- demo_1.pega_login_thrice -->
