<?xml version="1.0" encoding="UTF-8"?>
<!-- Generated by org.testng.reporters.JUnitReportReporter -->
<testsuite hostname="IQZNGLLT008" failures="0" tests="10" name="demo_1.pega_login_page" time="165.151" errors="0" timestamp="2021-11-23T18:05:27 IST" skipped="0">
  <testcase classname="demo_1.pega_login_page" name="clicklogin" time="50.526"/>
  <system-out/>
  <testcase classname="demo_1.pega_login_page" name="launch_app" time="12.848"/>
  <system-out/>
  <testcase classname="demo_1.pega_login_page" name="get_title" time="5.033"/>
  <system-out/>
  <testcase classname="demo_1.pega_login_page" name="enter_pswd" time="5.127"/>
  <system-out/>
  <testcase classname="demo_1.pega_login_page" name="enter_pswd" time="5.160"/>
  <system-out/>
  <testcase classname="demo_1.pega_login_page" name="get_title" time="5.029"/>
  <system-out/>
  <testcase classname="demo_1.pega_login_page" name="enter_user" time="5.142"/>
  <system-out/>
  <testcase classname="demo_1.pega_login_page" name="launch_app" time="12.911"/>
  <system-out/>
  <testcase classname="demo_1.pega_login_page" name="enter_user" time="5.141"/>
  <system-out/>
  <testcase classname="demo_1.pega_login_page" name="clicklogin" time="58.234"/>
  <system-out/>
</testsuite> <!-- demo_1.pega_login_page -->
