<?xml version="1.0" encoding="UTF-8"?>
<!-- Generated by org.testng.reporters.JUnitReportReporter -->
<testsuite hostname="IQZNGLLT008" failures="0" tests="2" name="Addtocart.Addtocart" time="5.465" errors="0" timestamp="2021-12-21T15:31:51 IST" skipped="0">
  <testcase classname="Addtocart.Addtocart" name="Add_Products" time="5.164"/>
  <system-out/>
  <testcase classname="Addtocart.Addtocart" name="Validatebuttonname" time="0.301"/>
  <system-out/>
</testsuite> <!-- Addtocart.Addtocart -->
