<?xml version="1.0" encoding="UTF-8"?>
<!-- Generated by org.testng.reporters.JUnitReportReporter -->
<testsuite hostname="IQZNGLLT008" failures="0" tests="5" name="demo_1.pega_login_twiceinvalid" time="62.318" errors="0" timestamp="2021-11-24T14:08:01 IST" skipped="0">
  <testcase classname="demo_1.pega_login_twiceinvalid" name="clicklogin" time="34.697"/>
  <system-out/>
  <testcase classname="demo_1.pega_login_twiceinvalid" name="get_title" time="5.016"/>
  <system-out/>
  <testcase classname="demo_1.pega_login_twiceinvalid" name="launch_app" time="12.301"/>
  <system-out/>
  <testcase classname="demo_1.pega_login_twiceinvalid" name="enter_pswd" time="5.166"/>
  <system-out/>
  <testcase classname="demo_1.pega_login_twiceinvalid" name="enter_user" time="5.138"/>
  <system-out/>
</testsuite> <!-- demo_1.pega_login_twiceinvalid -->
