<?xml version="1.0" encoding="UTF-8"?>
<!-- Generated by org.testng.reporters.JUnitReportReporter -->
<testsuite hostname="IQZNGLLT008" failures="0" tests="5" name="demo_1.pega_login_secondinvalid" time="33.214" errors="0" timestamp="2021-11-24T15:39:19 IST" skipped="0">
  <testcase classname="demo_1.pega_login_secondinvalid" name="enter_user" time="5.129"/>
  <system-out/>
  <testcase classname="demo_1.pega_login_secondinvalid" name="enter_pswd" time="5.141"/>
  <system-out/>
  <testcase classname="demo_1.pega_login_secondinvalid" name="get_title" time="5.030"/>
  <system-out/>
  <testcase classname="demo_1.pega_login_secondinvalid" name="launch_app" time="12.008"/>
  <system-out/>
  <testcase classname="demo_1.pega_login_secondinvalid" name="clicklogin" time="5.906"/>
  <system-out/>
</testsuite> <!-- demo_1.pega_login_secondinvalid -->
