<?xml version="1.0" encoding="UTF-8"?>
<!-- Generated by org.testng.reporters.JUnitReportReporter -->
<testsuite hostname="IQZNGLLT008" failures="0" tests="12" name="Scroll.Scroll_browser1" time="34.383" errors="0" timestamp="2021-11-26T16:05:44 IST" skipped="0">
  <testcase classname="Scroll.Scroll_browser1" name="telegram" time="0.230"/>
  <system-out/>
  <testcase classname="Scroll.Scroll_browser1" name="twitterlaunch" time="0.146"/>
  <system-out/>
  <testcase classname="Scroll.Scroll_browser1" name="githublaunch" time="0.228"/>
  <system-out/>
  <testcase classname="Scroll.Scroll_browser1" name="githublaunch" time="0.152"/>
  <system-out/>
  <testcase classname="Scroll.Scroll_browser1" name="LaunchUrl" time="5.724"/>
  <system-out/>
  <testcase classname="Scroll.Scroll_browser1" name="Scroll" time="10.273"/>
  <system-out/>
  <testcase classname="Scroll.Scroll_browser1" name="telegram" time="0.159"/>
  <system-out/>
  <testcase classname="Scroll.Scroll_browser1" name="facebooklaunch" time="0.167"/>
  <system-out/>
  <testcase classname="Scroll.Scroll_browser1" name="facebooklaunch" time="0.124"/>
  <system-out/>
  <testcase classname="Scroll.Scroll_browser1" name="LaunchUrl" time="6.847"/>
  <system-out/>
  <testcase classname="Scroll.Scroll_browser1" name="Scroll" time="10.191"/>
  <system-out/>
  <testcase classname="Scroll.Scroll_browser1" name="twitterlaunch" time="0.142"/>
  <system-out/>
</testsuite> <!-- Scroll.Scroll_browser1 -->
