<?xml version="1.0" encoding="UTF-8"?>
<!-- Generated by org.testng.reporters.JUnitReportReporter -->
<testsuite hostname="IQZNGLLT008" failures="0" tests="4" name="demo_1.Multiple_Browsers" time="49.468" errors="0" timestamp="2021-11-19T13:22:48 IST" skipped="0">
  <testcase classname="demo_1.Multiple_Browsers" name="yahootest" time="12.619"/>
  <system-out/>
  <testcase classname="demo_1.Multiple_Browsers" name="Googletest" time="12.166"/>
  <system-out/>
  <testcase classname="demo_1.Multiple_Browsers" name="Googletest" time="11.937"/>
  <system-out/>
  <testcase classname="demo_1.Multiple_Browsers" name="yahootest" time="12.746"/>
  <system-out/>
</testsuite> <!-- demo_1.Multiple_Browsers -->
