<?xml version="1.0" encoding="UTF-8"?>
<!-- Generated by org.testng.reporters.JUnitReportReporter -->
<testsuite hostname="IQZNGLLT008" failures="0" tests="3" name="Search_Potato.Search_Potato" time="0.736" errors="0" timestamp="2021-12-22T15:26:01 IST" skipped="0">
  <testcase classname="Search_Potato.Search_Potato" name="Top_Deals_Page" time="0.128"/>
  <system-out/>
  <testcase classname="Search_Potato.Search_Potato" name="TopDeal" time="0.468"/>
  <system-out/>
  <testcase classname="Search_Potato.Search_Potato" name="potato" time="0.140"/>
  <system-out/>
</testsuite> <!-- Search_Potato.Search_Potato -->
