<?xml version="1.0" encoding="UTF-8"?>
<!-- Generated by org.testng.reporters.JUnitReportReporter -->
<testsuite hostname="IQZNGLLT008" failures="0" tests="3" name="Session_18.Session_18" time="1.865" errors="0" timestamp="2021-12-21T15:22:56 IST" skipped="0">
  <testcase classname="Session_18.Session_18" name="Vegetable_Cost" time="0.884"/>
  <system-out/>
  <testcase classname="Session_18.Session_18" name="Add_to_Cart" time="0.677"/>
  <system-out/>
  <testcase classname="Session_18.Session_18" name="Vegetable_Name" time="0.304"/>
  <system-out/>
</testsuite> <!-- Session_18.Session_18 -->
