<?xml version="1.0" encoding="UTF-8"?>
<!-- Generated by org.testng.reporters.JUnitReportReporter -->
<testsuite hostname="IQZNGLLT008" failures="0" tests="2" name="Demo.Cross_Browser" time="25.361" errors="0" timestamp="2021-11-17T17:42:55 IST" skipped="0">
  <testcase classname="Demo.Cross_Browser" name="Googletest" time="12.668"/>
  <system-out/>
  <testcase classname="Demo.Cross_Browser" name="yahootest" time="12.693"/>
  <system-out/>
</testsuite> <!-- Demo.Cross_Browser -->
